<?xml version="1.0" encoding="UTF-8"?>
<testsuites name="TSAPI001" time="18.862" tests="4" failures="0" errors="0">
   <testsuite name="TSAPI001" tests="4" failures="0" errors="0" time="18.862" skipped="0" timestamp="2023-04-04 14:47:51" hostname="Thalissa - DESKTOP-FNEA3FT" id="Test Suites/TSAPI001">
      <properties>
         <property name="deviceName" value=""/>
         <property name="devicePlatform" value=""/>
         <property name="logFolder" value="C:\\Users\\Thalissa\\git\\ReqresAssignment\\Reports\\20230404_144744\\TSAPI001\\20230404_144744"/>
         <property name="logFiles" value="C:\\Users\\Thalissa\\git\\ReqresAssignment\\Reports\\20230404_144744\\TSAPI001\\20230404_144744\\execution0.log"/>
         <property name="attachments" value=""/>
         <property name="hostName" value="Thalissa - DESKTOP-FNEA3FT"/>
         <property name="hostAddress" value="192.168.1.14"/>
         <property name="os" value="Windows 10 64bit"/>
         <property name="katalonVersion" value="8.5.2.208"/>
      </properties>
      <testcase name="Test Cases/TCAPI001 - GET LIST USERS" time="11.718" classname="Test Cases/TCAPI001 - GET LIST USERS" status="PASSED">
         <system-out><![CDATA[2023-04-04 14:47:52 - [TEST_CASE][PASSED] - Test Cases/TCAPI001 - GET LIST USERS: Test Cases/TCAPI001 - GET LIST USERS

2023-04-04 14:47:54 - [TEST_STEP][PASSED] - response = sendRequest(findTestObject("GET LIST USERS", ["URL":URL])): Send request successfully

2023-04-04 14:48:03 - [MESSAGE][INFO] - HAR: C:\Users\Thalissa\git\ReqresAssignment\Reports\20230404_144744\TSAPI001\20230404_144744\requests\main\0.har

2023-04-04 14:48:03 - [MESSAGE][PASSED] - Send request successfully

2023-04-04 14:48:03 - [TEST_STEP][PASSED] - verifyResponseStatusCode(response, 200): Verify response status code successfully

2023-04-04 14:48:03 - [MESSAGE][PASSED] - Verify response status code successfully

2023-04-04 14:48:03 - [TEST_STEP][PASSED] - verifyElementText(response, "page", "1"): Verify element text successfully

2023-04-04 14:48:04 - [MESSAGE][PASSED] - Verify element text successfully]]></system-out>
         <system-err><![CDATA[]]></system-err>
      </testcase>
      <testcase name="Test Cases/TCAPI002 - GET SINGLE USER" time="1.783" classname="Test Cases/TCAPI002 - GET SINGLE USER" status="PASSED">
         <system-out><![CDATA[2023-04-04 14:48:04 - [TEST_CASE][PASSED] - Test Cases/TCAPI002 - GET SINGLE USER: Test Cases/TCAPI002 - GET SINGLE USER

2023-04-04 14:48:05 - [TEST_STEP][PASSED] - response = sendRequest(findTestObject("GET SINGLE USER", ["URL":URL])): Send request successfully

2023-04-04 14:48:05 - [MESSAGE][INFO] - HAR: C:\Users\Thalissa\git\ReqresAssignment\Reports\20230404_144744\TSAPI001\20230404_144744\requests\main\1.har

2023-04-04 14:48:05 - [MESSAGE][PASSED] - Send request successfully

2023-04-04 14:48:05 - [TEST_STEP][PASSED] - verifyResponseStatusCode(response, 200): Verify response status code successfully

2023-04-04 14:48:05 - [MESSAGE][PASSED] - Verify response status code successfully

2023-04-04 14:48:05 - [TEST_STEP][PASSED] - verifyElementText(response, "data.id", "2"): Verify element text successfully

2023-04-04 14:48:05 - [MESSAGE][PASSED] - Verify element text successfully

2023-04-04 14:48:05 - [TEST_STEP][PASSED] - verifyElementText(response, "data.first_name", "Janet"): Verify element text successfully

2023-04-04 14:48:05 - [MESSAGE][PASSED] - Verify element text successfully]]></system-out>
         <system-err><![CDATA[]]></system-err>
      </testcase>
      <testcase name="Test Cases/TCAPI003 - PUT UPDATE" time="2.51" classname="Test Cases/TCAPI003 - PUT UPDATE" status="PASSED">
         <system-out><![CDATA[2023-04-04 14:48:05 - [TEST_CASE][PASSED] - Test Cases/TCAPI003 - PUT UPDATE: Test Cases/TCAPI003 - PUT UPDATE

2023-04-04 14:48:07 - [TEST_STEP][PASSED] - response = sendRequest(findTestObject("PUT UPDATE", ["URL":URL])): Send request successfully

2023-04-04 14:48:08 - [MESSAGE][INFO] - HAR: C:\Users\Thalissa\git\ReqresAssignment\Reports\20230404_144744\TSAPI001\20230404_144744\requests\main\2.har

2023-04-04 14:48:08 - [MESSAGE][PASSED] - Send request successfully

2023-04-04 14:48:08 - [TEST_STEP][PASSED] - verifyResponseStatusCode(response, 200): Verify response status code successfully

2023-04-04 14:48:08 - [MESSAGE][PASSED] - Verify response status code successfully

2023-04-04 14:48:08 - [TEST_STEP][PASSED] - verifyElementText(response, "name", "morpheus"): Verify element text successfully

2023-04-04 14:48:08 - [MESSAGE][PASSED] - Verify element text successfully

2023-04-04 14:48:08 - [TEST_STEP][PASSED] - verifyElementText(response, "job", "zion resident"): Verify element text successfully

2023-04-04 14:48:08 - [MESSAGE][PASSED] - Verify element text successfully]]></system-out>
         <system-err><![CDATA[]]></system-err>
      </testcase>
      <testcase name="Test Cases/TCAPI004 - POST REGISTER SUCCESSFUL" time="2.085" classname="Test Cases/TCAPI004 - POST REGISTER SUCCESSFUL" status="PASSED">
         <system-out><![CDATA[2023-04-04 14:48:08 - [TEST_CASE][PASSED] - Test Cases/TCAPI004 - POST REGISTER SUCCESSFUL: Test Cases/TCAPI004 - POST REGISTER SUCCESSFUL

2023-04-04 14:48:09 - [TEST_STEP][PASSED] - response = sendRequest(findTestObject("POST REGISTER SUCCESSFUL", ["URL":URL])): Send request successfully

2023-04-04 14:48:10 - [MESSAGE][INFO] - HAR: C:\Users\Thalissa\git\ReqresAssignment\Reports\20230404_144744\TSAPI001\20230404_144744\requests\main\3.har

2023-04-04 14:48:10 - [MESSAGE][PASSED] - Send request successfully

2023-04-04 14:48:10 - [TEST_STEP][PASSED] - verifyResponseStatusCode(response, 200): Verify response status code successfully

2023-04-04 14:48:10 - [MESSAGE][PASSED] - Verify response status code successfully

2023-04-04 14:48:10 - [TEST_STEP][PASSED] - verifyElementText(response, "id", "2"): Verify element text successfully

2023-04-04 14:48:10 - [MESSAGE][PASSED] - Verify element text successfully

2023-04-04 14:48:10 - [TEST_STEP][PASSED] - verifyElementText(response, "token", "QpwL5tke4Pnpja7X2"): Verify element text successfully

2023-04-04 14:48:10 - [MESSAGE][PASSED] - Verify element text successfully]]></system-out>
         <system-err><![CDATA[]]></system-err>
      </testcase>
      <system-out><![CDATA[2023-04-04 14:47:51 - [TEST_SUITE][PASSED] - TSAPI001: Test Cases/TCAPI004 - POST REGISTER SUCCESSFUL]]></system-out>
      <system-err><![CDATA[]]></system-err>
   </testsuite>
</testsuites>
